---------------------------------------------------------------
[ 2018-09-20T12:41:02+08:00 ] 127.0.0.1 GET /admin.php/signin/order/index/group/nopay.html
[ info ] qiandao.com/admin.php/signin/order/index/group/nopay.html [运行时间：24.820227s][吞吐率：0.04req/s] [内存消耗：3,547.20kb] [文件加载：77]
[ info ] [ LANG ] D:\wwwroot\qiandao.com\thinkphp\lang\zh-cn.php
[ info ] [ ROUTE ] array (
  'type' => 'module',
  'module' => 
  array (
    0 => 'signin',
    1 => 'order',
    2 => 'index',
  ),
)
[ info ] [ HEADER ] array (
  'upgrade-insecure-requests' => '1',
  'connection' => 'close',
  'cookie' => 'PHPSESSID=sgtpep238a7cgatdjekco8u9p4',
  'referer' => 'http://qiandao.com/admin.php/signin/order/index.html',
  'accept-encoding' => 'gzip, deflate',
  'accept-language' => 'zh-CN,zh;q=0.8,zh-TW;q=0.7,zh-HK;q=0.5,en-US;q=0.3,en;q=0.2',
  'accept' => 'text/html,application/xhtml+xml,application/xml;q=0.9,*/*;q=0.8',
  'user-agent' => 'Mozilla/5.0 (Windows NT 10.0; Win64; x64; rv:62.0) Gecko/20100101 Firefox/62.0',
  'host' => 'qiandao.com',
)
[ info ] [ PARAM ] array (
  'group' => 'nopay',
)
[ info ] [ CACHE ] INIT File
[ info ] [ DB ] INIT mysql
[ info ] [ BEHAVIOR ] Run app\common\behavior\Config @app_begin [ RunTime:4.624278s ]
[ info ] [ BEHAVIOR ] Run app\common\behavior\Hook @app_begin [ RunTime:1.106085s ]
[ info ] [ SESSION ] INIT array (
  'id' => '',
  'var_session_id' => '',
  'prefix' => 'dolphin_admin_',
  'type' => '',
  'auto_start' => true,
)
[ info ] [ DB ] INIT mysql
[ info ] [ RUN ] app\signin\admin\Order->index[ D:\wwwroot\qiandao.com\application\signin\admin\Order.php ]
[ info ] [ VIEW ] D:\wwwroot\qiandao.com\public/../application/common/builder/table/layout.html [ array (
  0 => '_admin_base_layout',
  1 => 'system_color',
  2 => '_pop',
  3 => '_top_menus',
  4 => '_top_menus_all',
  5 => '_sidebar_menus',
  6 => '_location',
  7 => '_message',
  8 => '_icons',
  9 => 'aside',
  10 => 'page_title',
  11 => 'page_tips',
  12 => 'tips_type',
  13 => 'tab_nav',
  14 => 'hide_checkbox',
  15 => 'extra_html',
  16 => 'extra_js',
  17 => 'extra_css',
  18 => 'order_columns',
  19 => 'filter_columns',
  20 => 'filter_map',
  21 => '_field_display',
  22 => '_filter_content',
  23 => '_filter',
  24 => 'top_buttons',
  25 => 'right_buttons',
  26 => 'search',
  27 => 'search_button',
  28 => 'columns',
  29 => 'pages',
  30 => 'row_list',
  31 => '_page_info',
  32 => 'primary_key',
  33 => '_table',
  34 => 'js_list',
  35 => 'css_list',
  36 => 'validate',
  37 => '_js_files',
  38 => '_css_files',
  39 => '_select_list',
  40 => '_filter_time',
  41 => 'empty_tips',
  42 => '_search_area',
  43 => '_search_area_url',
  44 => '_search_area_op',
  45 => 'builder_height',
  46 => 'fixed_right_column',
  47 => 'fixed_left_column',
  48 => 'column_width',
  49 => 'column_hide',
) ]
[ info ] [ LOG ] INIT File
[ sql ] [ DB ] CONNECT:[ UseTime:1.605015s ] mysql:host=127.0.0.1;port=3306;dbname=dophin;charset=utf8
[ sql ] [ SQL ] SHOW COLUMNS FROM `dp_admin_config` [ RunTime:0.210849s ]
[ sql ] [ SQL ] SELECT `name`,`value`,`type` FROM `dp_admin_config` [ RunTime:0.001365s ]
[ sql ] [ SQL ] SHOW COLUMNS FROM `dp_admin_module` [ RunTime:0.267282s ]
[ sql ] [ SQL ] SELECT `name`,`config` FROM `dp_admin_module` WHERE  `config` <> '' [ RunTime:0.006719s ]
[ sql ] [ SQL ] SHOW COLUMNS FROM `dp_admin_hook` [ RunTime:0.044802s ]
[ sql ] [ SQL ] SELECT `name`,`status` FROM `dp_admin_hook` WHERE  `status` = 1 [ RunTime:0.000849s ]
[ sql ] [ SQL ] SHOW COLUMNS FROM `dp_admin_plugin` [ RunTime:0.072020s ]
[ sql ] [ SQL ] SELECT `name`,`status` FROM `dp_admin_plugin` WHERE  `status` = 1 [ RunTime:0.000872s ]
[ sql ] [ SQL ] SHOW COLUMNS FROM `dp_admin_hook_plugin` [ RunTime:0.070483s ]
[ sql ] [ SQL ] SELECT * FROM `dp_admin_hook_plugin` WHERE  `status` = 1 ORDER BY `hook`,`sort` [ RunTime:0.005909s ]
[ sql ] [ SQL ] SHOW COLUMNS FROM `dp_admin_role` [ RunTime:0.245766s ]
[ sql ] [ SQL ] SELECT `menu_auth` FROM `dp_admin_role` WHERE  `id` = 1 LIMIT 1 [ RunTime:0.046338s ]
[ sql ] [ SQL ] SHOW COLUMNS FROM `dp_admin_menu` [ RunTime:0.242178s ]
[ sql ] [ SQL ] SELECT `id`,`url_value` FROM `dp_admin_menu` WHERE  `id` = 0 [ RunTime:0.000808s ]
[ sql ] [ SQL ] SELECT `id`,`pid`,`module`,`title`,`url_value`,`url_type`,`url_target`,`icon`,`params` FROM `dp_admin_menu` WHERE  `status` = 1  AND `pid` = 0 ORDER BY `sort`,`id` LIMIT 10 [ RunTime:0.001010s ]
[ sql ] [ SQL ] SELECT `id`,`pid`,`module`,`title`,`url_value`,`url_type`,`url_target`,`icon`,`params` FROM `dp_admin_menu` WHERE  `status` = 1  AND `pid` = 0 ORDER BY `sort`,`id` [ RunTime:0.090777s ]
[ sql ] [ SQL ] SELECT `id` FROM `dp_admin_menu` WHERE  `pid` <> 0  AND `url_value` = 'signin/order/index' LIMIT 1 [ RunTime:0.192597s ]
[ sql ] [ SQL ] SELECT `id`,`pid`,`title`,`url_value` FROM `dp_admin_menu` [ RunTime:0.075378s ]
[ sql ] [ SQL ] SELECT `id`,`pid`,`module`,`title`,`url_value`,`url_type`,`url_target`,`icon`,`params` FROM `dp_admin_menu` WHERE  `status` = 1 ORDER BY `sort`,`id` [ RunTime:0.030625s ]
[ sql ] [ SQL ] SELECT `id` FROM `dp_admin_menu` WHERE  `pid` <> 0  AND `url_value` = 'signin/order/index' LIMIT 1 [ RunTime:0.000892s ]
[ sql ] [ SQL ] SELECT `id`,`pid`,`title`,`url_value` FROM `dp_admin_menu` [ RunTime:0.001025s ]
[ sql ] [ SQL ] SHOW COLUMNS FROM `dp_admin_message` [ RunTime:0.231734s ]
[ sql ] [ SQL ] SELECT COUNT(*) AS tp_count FROM `dp_admin_message` WHERE  `status` = 0  AND `uid_receive` = 1 LIMIT 1 [ RunTime:0.024604s ]
[ sql ] [ SQL ] SHOW COLUMNS FROM `dp_admin_icon` [ RunTime:0.089308s ]
[ sql ] [ SQL ] SELECT * FROM `dp_admin_icon` WHERE  `status` = 1 [ RunTime:0.001237s ]
[ sql ] [ SQL ] SELECT `value` FROM `dp_admin_config` WHERE  `id` = 1 LIMIT 1 [ RunTime:0.001024s ]
[ sql ] [ DB ] CONNECT:[ UseTime:0.005198s ] mysql:host=127.0.0.1;port=3306;dbname=hejia_qiandao;charset=utf8
[ sql ] [ SQL ] SHOW COLUMNS FROM `cms_order` [ RunTime:0.381031s ]
[ sql ] [ SQL ] SELECT COUNT(*) AS tp_count FROM `cms_order` WHERE  (  opuid = 0 ) LIMIT 1 [ RunTime:0.169383s ]
[ sql ] [ SQL ] SELECT * FROM `cms_order` WHERE  (  opuid = 0 ) ORDER BY `update_time` DESC LIMIT 0,20 [ RunTime:0.011043s ]
[ sql ] [ SQL ] SHOW COLUMNS FROM `cms_bus` [ RunTime:0.041660s ]
[ sql ] [ SQL ] SELECT `id`,`busname` FROM `cms_bus` WHERE  `id` IN (469) [ RunTime:0.112063s ]
[ sql ] [ SQL ] SHOW COLUMNS FROM `cms_user` [ RunTime:0.103061s ]
[ sql ] [ SQL ] SELECT `mobile`,`username` FROM `cms_user` WHERE  `mobile` IN ('') [ RunTime:0.250001s ]
[ sql ] [ SQL ] SELECT `id` FROM `dp_admin_menu` WHERE  `pid` <> 0  AND `url_value` = 'signin/order/index' LIMIT 1 [ RunTime:0.001051s ]
[ sql ] [ SQL ] SELECT `id`,`pid`,`title`,`url_value` FROM `dp_admin_menu` [ RunTime:0.001104s ]
[ sql ] [ SQL ] SHOW COLUMNS FROM `dp_admin_user` [ RunTime:0.062157s ]
[ sql ] [ SQL ] SELECT `avatar` FROM `dp_admin_user` WHERE  `id` = 1 LIMIT 1 [ RunTime:0.000947s ]
[ sql ] [ SQL ] SHOW COLUMNS FROM `dp_admin_attachment` [ RunTime:0.062480s ]
[ sql ] [ SQL ] SELECT * FROM `dp_admin_attachment` WHERE  `id` = 0 LIMIT 1 [ RunTime:0.109955s ]
[ sql ] [ SQL ] SELECT `avatar` FROM `dp_admin_user` WHERE  `id` = 1 LIMIT 1 [ RunTime:0.000726s ]
[ sql ] [ SQL ] SELECT * FROM `dp_admin_attachment` WHERE  `id` = 0 LIMIT 1 [ RunTime:0.000793s ]
